
> Configure project :build-logic:plugins
WARNING: Unsupported Kotlin plugin version.
The `embedded-kotlin` and `kotlin-dsl` plugins rely on features of Kotlin `2.0.20` that might work differently than in the requested version `2.2.20`.

> Configure project :benchmark
WARNING: The option setting 'android.experimental.androidTest.numManagedDeviceShards=4' is experimental.

> Task :build-logic:plugins:checkKotlinGradlePluginConfigurationErrors SKIPPED
> Task :build-logic:tools:checkKotlinGradlePluginConfigurationErrors SKIPPED
> Task :build-logic:tools:compileKotlin UP-TO-DATE
> Task :build-logic:tools:compileJava NO-SOURCE
> Task :build-logic:tools:processResources NO-SOURCE
> Task :build-logic:tools:classes UP-TO-DATE
> Task :build-logic:tools:jar UP-TO-DATE
> Task :build-logic:plugins:generateExternalPluginSpecBuilders UP-TO-DATE
> Task :build-logic:plugins:extractPluginRequests UP-TO-DATE
> Task :build-logic:plugins:generatePluginAdapters UP-TO-DATE
> Task :build-logic:plugins:extractPrecompiledScriptPluginPlugins UP-TO-DATE
> Task :build-logic:plugins:compilePluginsBlocks UP-TO-DATE
> Task :build-logic:plugins:generatePrecompiledScriptPluginAccessors UP-TO-DATE
> Task :build-logic:plugins:generateScriptPluginAdapters UP-TO-DATE
> Task :build-logic:plugins:compileKotlin UP-TO-DATE
> Task :build-logic:plugins:compileJava UP-TO-DATE
> Task :build-logic:plugins:compileGroovy NO-SOURCE
> Task :build-logic:plugins:compileGroovyPlugins UP-TO-DATE
> Task :build-logic:plugins:pluginDescriptors UP-TO-DATE
> Task :build-logic:plugins:processResources UP-TO-DATE
> Task :build-logic:plugins:classes UP-TO-DATE
> Task :build-logic:plugins:jar UP-TO-DATE

> Configure project :microbenchmark
WARNING: BuildType 'debug' is both debuggable and has 'isMinifyEnabled' set to true.
All code optimizations and obfuscation are disabled for debuggable builds.

> Task :billing:preBuild UP-TO-DATE
> Task :billing:preDebugBuild UP-TO-DATE
> Task :billing:generateDebugResValues UP-TO-DATE
> Task :billing:generateDebugResources UP-TO-DATE
> Task :billing:packageDebugResources UP-TO-DATE
> Task :billing:compileDebugLibraryResources UP-TO-DATE
> Task :billing:parseDebugLocalResources UP-TO-DATE
> Task :billing:generateDebugRFile UP-TO-DATE
> Task :contacts:preBuild UP-TO-DATE
> Task :contacts:preDebugBuild UP-TO-DATE
> Task :contacts:generateDebugResValues UP-TO-DATE
> Task :contacts:generateDebugResources UP-TO-DATE
> Task :contacts:packageDebugResources UP-TO-DATE
> Task :contacts:compileDebugLibraryResources UP-TO-DATE
> Task :contacts:parseDebugLocalResources UP-TO-DATE
> Task :contacts:generateDebugRFile UP-TO-DATE
> Task :core-ui:preBuild UP-TO-DATE
> Task :core-ui:preDebugBuild UP-TO-DATE
> Task :core-ui:generateDebugResValues UP-TO-DATE
> Task :core-ui:generateDebugResources UP-TO-DATE
> Task :core-ui:packageDebugResources UP-TO-DATE
> Task :core-ui:compileDebugLibraryResources UP-TO-DATE
> Task :core-ui:parseDebugLocalResources UP-TO-DATE
> Task :core-ui:generateDebugRFile UP-TO-DATE
> Task :core-util:preBuild UP-TO-DATE
> Task :core-util:preDebugBuild UP-TO-DATE
> Task :core-util:generateDebugResValues UP-TO-DATE
> Task :core-util:generateDebugResources UP-TO-DATE
> Task :core-util:packageDebugResources UP-TO-DATE
> Task :core-util:compileDebugLibraryResources UP-TO-DATE
> Task :core-util:parseDebugLocalResources UP-TO-DATE
> Task :core-util:generateDebugRFile UP-TO-DATE
> Task :debuglogs-viewer:preBuild UP-TO-DATE
> Task :debuglogs-viewer:preDebugBuild UP-TO-DATE
> Task :debuglogs-viewer:generateDebugResValues UP-TO-DATE
> Task :debuglogs-viewer:generateDebugResources UP-TO-DATE
> Task :debuglogs-viewer:packageDebugResources UP-TO-DATE
> Task :debuglogs-viewer:compileDebugLibraryResources UP-TO-DATE
> Task :debuglogs-viewer:parseDebugLocalResources UP-TO-DATE
> Task :debuglogs-viewer:generateDebugRFile UP-TO-DATE
> Task :device-transfer:preBuild UP-TO-DATE
> Task :device-transfer:preDebugBuild UP-TO-DATE
> Task :device-transfer:generateDebugResValues UP-TO-DATE
> Task :device-transfer:generateDebugResources UP-TO-DATE
> Task :device-transfer:packageDebugResources UP-TO-DATE
> Task :device-transfer:compileDebugLibraryResources UP-TO-DATE
> Task :device-transfer:parseDebugLocalResources UP-TO-DATE
> Task :device-transfer:generateDebugRFile UP-TO-DATE
> Task :donations:preBuild UP-TO-DATE
> Task :donations:preDebugBuild UP-TO-DATE
> Task :donations:generateDebugResValues UP-TO-DATE
> Task :donations:generateDebugResources UP-TO-DATE
> Task :donations:packageDebugResources UP-TO-DATE
> Task :donations:compileDebugLibraryResources UP-TO-DATE
> Task :donations:parseDebugLocalResources UP-TO-DATE
> Task :donations:generateDebugRFile UP-TO-DATE
> Task :glide-config:preBuild UP-TO-DATE
> Task :glide-config:preDebugBuild UP-TO-DATE
> Task :glide-config:generateDebugResValues UP-TO-DATE
> Task :glide-config:generateDebugResources UP-TO-DATE
> Task :glide-config:packageDebugResources UP-TO-DATE
> Task :glide-config:compileDebugLibraryResources UP-TO-DATE
> Task :glide-config:parseDebugLocalResources UP-TO-DATE
> Task :glide-config:generateDebugRFile UP-TO-DATE
> Task :image-editor:preBuild UP-TO-DATE
> Task :image-editor:preDebugBuild UP-TO-DATE
> Task :image-editor:generateDebugResValues UP-TO-DATE
> Task :image-editor:generateDebugResources UP-TO-DATE
> Task :image-editor:packageDebugResources UP-TO-DATE
> Task :image-editor:compileDebugLibraryResources UP-TO-DATE
> Task :image-editor:parseDebugLocalResources UP-TO-DATE
> Task :image-editor:generateDebugRFile UP-TO-DATE
> Task :paging:preBuild UP-TO-DATE
> Task :paging:preDebugBuild UP-TO-DATE
> Task :paging:generateDebugResValues UP-TO-DATE
> Task :paging:generateDebugResources UP-TO-DATE
> Task :paging:packageDebugResources UP-TO-DATE
> Task :paging:compileDebugLibraryResources UP-TO-DATE
> Task :paging:parseDebugLocalResources UP-TO-DATE
> Task :paging:generateDebugRFile UP-TO-DATE
> Task :photoview:preBuild UP-TO-DATE
> Task :photoview:preDebugBuild UP-TO-DATE
> Task :photoview:generateDebugResValues UP-TO-DATE
> Task :photoview:generateDebugResources UP-TO-DATE
> Task :photoview:packageDebugResources UP-TO-DATE
> Task :photoview:compileDebugLibraryResources UP-TO-DATE
> Task :photoview:parseDebugLocalResources UP-TO-DATE
> Task :photoview:generateDebugRFile UP-TO-DATE
> Task :qr:preBuild UP-TO-DATE
> Task :qr:preDebugBuild UP-TO-DATE
> Task :qr:generateDebugResValues UP-TO-DATE
> Task :qr:generateDebugResources UP-TO-DATE
> Task :qr:packageDebugResources UP-TO-DATE
> Task :qr:compileDebugLibraryResources UP-TO-DATE
> Task :qr:parseDebugLocalResources UP-TO-DATE
> Task :qr:generateDebugRFile UP-TO-DATE
> Task :billing:writeDebugAarMetadata UP-TO-DATE
> Task :contacts:writeDebugAarMetadata UP-TO-DATE
> Task :core-ui:writeDebugAarMetadata UP-TO-DATE
> Task :core-util:writeDebugAarMetadata UP-TO-DATE
> Task :debuglogs-viewer:writeDebugAarMetadata UP-TO-DATE
> Task :device-transfer:writeDebugAarMetadata UP-TO-DATE
> Task :donations:writeDebugAarMetadata UP-TO-DATE
> Task :glide-config:writeDebugAarMetadata UP-TO-DATE
> Task :image-editor:writeDebugAarMetadata UP-TO-DATE
> Task :paging:writeDebugAarMetadata UP-TO-DATE
> Task :photoview:writeDebugAarMetadata UP-TO-DATE
> Task :qr:writeDebugAarMetadata UP-TO-DATE
> Task :Signal-Android:preBuild UP-TO-DATE
> Task :Signal-Android:prePlayProdDebugBuild UP-TO-DATE
> Task :sticky-header-grid:preBuild UP-TO-DATE
> Task :sticky-header-grid:preDebugBuild UP-TO-DATE
> Task :sticky-header-grid:writeDebugAarMetadata UP-TO-DATE
> Task :video:preBuild UP-TO-DATE
> Task :video:preDebugBuild UP-TO-DATE
> Task :video:writeDebugAarMetadata UP-TO-DATE
> Task :Signal-Android:checkPlayProdDebugAarMetadata UP-TO-DATE
> Task :Signal-Android:generatePlayProdDebugResValues UP-TO-DATE
> Task :sticky-header-grid:generateDebugResValues UP-TO-DATE
> Task :sticky-header-grid:generateDebugResources UP-TO-DATE
> Task :sticky-header-grid:packageDebugResources UP-TO-DATE
> Task :video:generateDebugResValues UP-TO-DATE
> Task :video:generateDebugResources UP-TO-DATE
> Task :video:packageDebugResources UP-TO-DATE
> Task :Signal-Android:mapPlayProdDebugSourceSetPaths
> Task :Signal-Android:generatePlayProdDebugResources

> Task :Signal-Android:mergePlayProdDebugResources
/home/lollerfirst/Signal-Android/app/src/main/res/values/strings.xml: Multiple substitutions specified in non-positional format of string resource string/CallLogAdapter__s_dot_s. Did you mean to add the formatted="false" attribute?

> Task :Signal-Android:packagePlayProdDebugResources
> Task :Signal-Android:createPlayProdDebugCompatibleScreenManifests UP-TO-DATE
> Task :billing:extractDeepLinksDebug UP-TO-DATE
> Task :billing:processDebugManifest UP-TO-DATE
> Task :contacts:extractDeepLinksDebug UP-TO-DATE
> Task :contacts:processDebugManifest UP-TO-DATE
> Task :core-ui:extractDeepLinksDebug UP-TO-DATE
> Task :core-ui:processDebugManifest UP-TO-DATE
> Task :core-util:extractDeepLinksDebug UP-TO-DATE
> Task :core-util:processDebugManifest UP-TO-DATE
> Task :debuglogs-viewer:extractDeepLinksDebug UP-TO-DATE
> Task :debuglogs-viewer:processDebugManifest UP-TO-DATE
> Task :device-transfer:extractDeepLinksDebug UP-TO-DATE
> Task :device-transfer:processDebugManifest UP-TO-DATE
> Task :donations:extractDeepLinksDebug UP-TO-DATE
> Task :donations:processDebugManifest UP-TO-DATE
> Task :glide-config:extractDeepLinksDebug UP-TO-DATE
> Task :glide-config:processDebugManifest UP-TO-DATE
> Task :image-editor:extractDeepLinksDebug UP-TO-DATE
> Task :image-editor:processDebugManifest UP-TO-DATE
> Task :paging:extractDeepLinksDebug UP-TO-DATE
> Task :paging:processDebugManifest UP-TO-DATE
> Task :photoview:extractDeepLinksDebug UP-TO-DATE
> Task :photoview:processDebugManifest UP-TO-DATE
> Task :qr:extractDeepLinksDebug UP-TO-DATE
> Task :qr:processDebugManifest UP-TO-DATE
> Task :Signal-Android:extractDeepLinksPlayProdDebug UP-TO-DATE
> Task :sticky-header-grid:extractDeepLinksDebug UP-TO-DATE
> Task :sticky-header-grid:processDebugManifest UP-TO-DATE
> Task :video:extractDeepLinksDebug UP-TO-DATE
> Task :video:processDebugManifest UP-TO-DATE
> Task :Signal-Android:processPlayProdDebugMainManifest UP-TO-DATE
> Task :Signal-Android:processPlayProdDebugManifest UP-TO-DATE
> Task :Signal-Android:processPlayProdDebugManifestForPackage UP-TO-DATE
> Task :sticky-header-grid:compileDebugLibraryResources UP-TO-DATE
> Task :sticky-header-grid:parseDebugLocalResources UP-TO-DATE
> Task :sticky-header-grid:generateDebugRFile UP-TO-DATE
> Task :video:compileDebugLibraryResources UP-TO-DATE
> Task :video:parseDebugLocalResources UP-TO-DATE
> Task :video:generateDebugRFile UP-TO-DATE
> Task :Signal-Android:prePlayStagingDebugBuild UP-TO-DATE
> Task :Signal-Android:checkPlayStagingDebugAarMetadata UP-TO-DATE
> Task :Signal-Android:generatePlayStagingDebugResValues UP-TO-DATE
> Task :Signal-Android:mapPlayStagingDebugSourceSetPaths
> Task :Signal-Android:generatePlayStagingDebugResources
> Task :Signal-Android:parsePlayProdDebugLocalResources

> Task :Signal-Android:mergePlayStagingDebugResources
/home/lollerfirst/Signal-Android/app/src/main/res/values/strings.xml: Multiple substitutions specified in non-positional format of string resource string/CallLogAdapter__s_dot_s. Did you mean to add the formatted="false" attribute?

> Task :Signal-Android:packagePlayStagingDebugResources
> Task :Signal-Android:createPlayStagingDebugCompatibleScreenManifests UP-TO-DATE
> Task :Signal-Android:extractDeepLinksPlayStagingDebug UP-TO-DATE
> Task :Signal-Android:processPlayStagingDebugMainManifest UP-TO-DATE
> Task :Signal-Android:processPlayStagingDebugManifest UP-TO-DATE
> Task :Signal-Android:processPlayStagingDebugManifestForPackage UP-TO-DATE
> Task :Signal-Android:parsePlayStagingDebugLocalResources
> Task :Signal-Android:processPlayProdDebugResources
> Task :Signal-Android:processPlayStagingDebugResources

BUILD SUCCESSFUL in 19s
167 actionable tasks: 12 executed, 155 up-to-date
