
> Configure project :build-logic:plugins
WARNING: Unsupported Kotlin plugin version.
The `embedded-kotlin` and `kotlin-dsl` plugins rely on features of Kotlin `2.0.20` that might work differently than in the requested version `2.2.20`.

> Configure project :benchmark
WARNING: The option setting 'android.experimental.androidTest.numManagedDeviceShards=4' is experimental.

> Task :build-logic:plugins:checkKotlinGradlePluginConfigurationErrors SKIPPED
> Task :build-logic:tools:checkKotlinGradlePluginConfigurationErrors SKIPPED
> Task :build-logic:tools:compileKotlin UP-TO-DATE
> Task :build-logic:tools:compileJava NO-SOURCE
> Task :build-logic:tools:processResources NO-SOURCE
> Task :build-logic:tools:classes UP-TO-DATE
> Task :build-logic:tools:jar UP-TO-DATE
> Task :build-logic:plugins:generateExternalPluginSpecBuilders UP-TO-DATE
> Task :build-logic:plugins:extractPluginRequests UP-TO-DATE
> Task :build-logic:plugins:generatePluginAdapters UP-TO-DATE
> Task :build-logic:plugins:extractPrecompiledScriptPluginPlugins UP-TO-DATE
> Task :build-logic:plugins:compilePluginsBlocks UP-TO-DATE
> Task :build-logic:plugins:generatePrecompiledScriptPluginAccessors UP-TO-DATE
> Task :build-logic:plugins:generateScriptPluginAdapters UP-TO-DATE
> Task :build-logic:plugins:compileKotlin UP-TO-DATE
> Task :build-logic:plugins:compileJava UP-TO-DATE
> Task :build-logic:plugins:compileGroovy NO-SOURCE
> Task :build-logic:plugins:compileGroovyPlugins UP-TO-DATE
> Task :build-logic:plugins:pluginDescriptors UP-TO-DATE
> Task :build-logic:plugins:processResources UP-TO-DATE
> Task :build-logic:plugins:classes UP-TO-DATE
> Task :build-logic:plugins:jar UP-TO-DATE

> Configure project :microbenchmark
WARNING: BuildType 'debug' is both debuggable and has 'isMinifyEnabled' set to true.
All code optimizations and obfuscation are disabled for debuggable builds.

> Task :core-util-jvm:checkKotlinGradlePluginConfigurationErrors SKIPPED
> Task :core-util-jvm:generateMainProtos NO-SOURCE
> Task :core-util-jvm:compileKotlin UP-TO-DATE
> Task :core-util-jvm:compileJava UP-TO-DATE
> Task :libsignal-service:checkKotlinGradlePluginConfigurationErrors SKIPPED

> Task :libsignal-service:generateMainProtos UP-TO-DATE
The Configuration.files(Dependency...) method has been deprecated. This is scheduled to be removed in Gradle 9.0. Use Configuration.getIncoming().artifactView(Action) with a componentFilter instead. Consult the upgrading guide for further information: https://docs.gradle.org/8.11.1/userguide/upgrading_version_8.html#deprecate_filtered_configuration_file_and_filecollection_methods
	at org.gradle.api.internal.artifacts.configurations.DefaultConfiguration.fileCollectionInternal(DefaultConfiguration.java:620)
	at org.gradle.api.internal.artifacts.configurations.DefaultConfiguration.files(DefaultConfiguration.java:579)
	at com.squareup.wire.gradle.WireInput.toLocations$lambda-5(WireInput.kt:160)
	at org.gradle.api.internal.provider.DefaultProvider.calculateOwnValue(DefaultProvider.java:72)
	at org.gradle.api.internal.provider.AbstractMinimalProvider.calculateValue(AbstractMinimalProvider.java:115)
	at org.gradle.api.internal.provider.Collectors$ElementsFromCollectionProvider.collectEntries(Collectors.java:280)
	at org.gradle.api.internal.provider.AbstractCollectionProperty$CollectingSupplier.calculateValue(AbstractCollectionProperty.java:500)
	at org.gradle.api.internal.provider.AbstractCollectionProperty.finalValue(AbstractCollectionProperty.java:311)
	at org.gradle.api.internal.provider.AbstractCollectionProperty.finalValue(AbstractCollectionProperty.java:79)
	at org.gradle.api.internal.provider.AbstractProperty.finalizeNow(AbstractProperty.java:281)
	at org.gradle.api.internal.provider.AbstractProperty.lambda$beforeRead$0(AbstractProperty.java:276)
	at org.gradle.api.internal.provider.ValueState.finalizeOnReadIfNeeded(ValueState.java:139)
	at org.gradle.api.internal.provider.AbstractProperty.beforeRead(AbstractProperty.java:276)
	at org.gradle.api.internal.provider.AbstractProperty.beforeRead(AbstractProperty.java:268)
	at org.gradle.api.internal.provider.AbstractProperty.calculateOwnValue(AbstractProperty.java:162)
	at org.gradle.api.internal.provider.AbstractMinimalProvider.getOrNull(AbstractMinimalProvider.java:105)
	at org.gradle.api.internal.provider.ProviderResolutionStrategy$1.resolve(ProviderResolutionStrategy.java:27)
	at org.gradle.util.internal.DeferredUtil.unpack(DeferredUtil.java:59)
	at org.gradle.util.internal.DeferredUtil.unpackOrNull(DeferredUtil.java:49)
	at org.gradle.api.internal.tasks.properties.InputParameterUtils.prepareInputParameterValue(InputParameterUtils.java:38)
	at org.gradle.api.internal.tasks.properties.InputParameterUtils.prepareInputParameterValue(InputParameterUtils.java:30)
	at org.gradle.api.internal.tasks.execution.TaskExecution.lambda$visitRegularInputs$1(TaskExecution.java:317)
	at org.gradle.internal.execution.impl.DefaultInputFingerprinter$InputCollectingVisitor.visitInputProperty(DefaultInputFingerprinter.java:103)
	at org.gradle.api.internal.tasks.execution.TaskExecution.visitRegularInputs(TaskExecution.java:315)
	at org.gradle.internal.execution.impl.DefaultInputFingerprinter.fingerprintInputProperties(DefaultInputFingerprinter.java:63)
	at org.gradle.internal.execution.steps.AbstractCaptureStateBeforeExecutionStep.captureExecutionStateWithOutputs(AbstractCaptureStateBeforeExecutionStep.java:109)
	at org.gradle.internal.execution.steps.AbstractCaptureStateBeforeExecutionStep.lambda$captureExecutionState$0(AbstractCaptureStateBeforeExecutionStep.java:74)
	at org.gradle.internal.execution.steps.BuildOperationStep$1.call(BuildOperationStep.java:37)
	at org.gradle.internal.operations.DefaultBuildOperationRunner$CallableBuildOperationWorker.execute(DefaultBuildOperationRunner.java:209)
	at org.gradle.internal.operations.DefaultBuildOperationRunner$CallableBuildOperationWorker.execute(DefaultBuildOperationRunner.java:204)
	at org.gradle.internal.operations.DefaultBuildOperationRunner$2.execute(DefaultBuildOperationRunner.java:66)
	at org.gradle.internal.operations.DefaultBuildOperationRunner$2.execute(DefaultBuildOperationRunner.java:59)
	at org.gradle.internal.operations.DefaultBuildOperationRunner.execute(DefaultBuildOperationRunner.java:166)
	at org.gradle.internal.operations.DefaultBuildOperationRunner.execute(DefaultBuildOperationRunner.java:59)
	at org.gradle.internal.operations.DefaultBuildOperationRunner.call(DefaultBuildOperationRunner.java:53)
	at org.gradle.internal.execution.steps.BuildOperationStep.operation(BuildOperationStep.java:34)
	at org.gradle.internal.execution.steps.AbstractCaptureStateBeforeExecutionStep.captureExecutionState(AbstractCaptureStateBeforeExecutionStep.java:69)
	at org.gradle.internal.execution.steps.AbstractCaptureStateBeforeExecutionStep.execute(AbstractCaptureStateBeforeExecutionStep.java:62)
	at org.gradle.internal.execution.steps.AbstractCaptureStateBeforeExecutionStep.execute(AbstractCaptureStateBeforeExecutionStep.java:43)
	at org.gradle.internal.execution.steps.AbstractSkipEmptyWorkStep.executeWithNonEmptySources(AbstractSkipEmptyWorkStep.java:125)
	at org.gradle.internal.execution.steps.AbstractSkipEmptyWorkStep.execute(AbstractSkipEmptyWorkStep.java:61)
	at org.gradle.internal.execution.steps.AbstractSkipEmptyWorkStep.execute(AbstractSkipEmptyWorkStep.java:36)
	at org.gradle.internal.execution.steps.legacy.MarkSnapshottingInputsStartedStep.execute(MarkSnapshottingInputsStartedStep.java:38)
	at org.gradle.internal.execution.steps.LoadPreviousExecutionStateStep.execute(LoadPreviousExecutionStateStep.java:36)
	at org.gradle.internal.execution.steps.LoadPreviousExecutionStateStep.execute(LoadPreviousExecutionStateStep.java:23)
	at org.gradle.internal.execution.steps.HandleStaleOutputsStep.execute(HandleStaleOutputsStep.java:75)
	at org.gradle.internal.execution.steps.HandleStaleOutputsStep.execute(HandleStaleOutputsStep.java:41)
	at org.gradle.internal.execution.steps.AssignMutableWorkspaceStep.lambda$execute$0(AssignMutableWorkspaceStep.java:35)
	at org.gradle.api.internal.tasks.execution.TaskExecution$4.withWorkspace(TaskExecution.java:289)
	at org.gradle.internal.execution.steps.AssignMutableWorkspaceStep.execute(AssignMutableWorkspaceStep.java:31)
	at org.gradle.internal.execution.steps.AssignMutableWorkspaceStep.execute(AssignMutableWorkspaceStep.java:22)
	at org.gradle.internal.execution.steps.ChoosePipelineStep.execute(ChoosePipelineStep.java:40)
	at org.gradle.internal.execution.steps.ChoosePipelineStep.execute(ChoosePipelineStep.java:23)
	at org.gradle.internal.execution.steps.ExecuteWorkBuildOperationFiringStep.lambda$execute$2(ExecuteWorkBuildOperationFiringStep.java:67)
	at java.base/java.util.Optional.orElseGet(Optional.java:364)
	at org.gradle.internal.execution.steps.ExecuteWorkBuildOperationFiringStep.execute(ExecuteWorkBuildOperationFiringStep.java:67)
	at org.gradle.internal.execution.steps.ExecuteWorkBuildOperationFiringStep.execute(ExecuteWorkBuildOperationFiringStep.java:39)
	at org.gradle.internal.execution.steps.IdentityCacheStep.execute(IdentityCacheStep.java:46)
	at org.gradle.internal.execution.steps.IdentityCacheStep.execute(IdentityCacheStep.java:34)
	at org.gradle.internal.execution.steps.IdentifyStep.execute(IdentifyStep.java:48)
	at org.gradle.internal.execution.steps.IdentifyStep.execute(IdentifyStep.java:35)
	at org.gradle.internal.execution.impl.DefaultExecutionEngine$1.execute(DefaultExecutionEngine.java:61)
	at org.gradle.api.internal.tasks.execution.ExecuteActionsTaskExecuter.executeIfValid(ExecuteActionsTaskExecuter.java:127)
	at org.gradle.api.internal.tasks.execution.ExecuteActionsTaskExecuter.execute(ExecuteActionsTaskExecuter.java:116)
	at org.gradle.api.internal.tasks.execution.FinalizePropertiesTaskExecuter.execute(FinalizePropertiesTaskExecuter.java:46)
	at org.gradle.api.internal.tasks.execution.ResolveTaskExecutionModeExecuter.execute(ResolveTaskExecutionModeExecuter.java:51)
	at org.gradle.api.internal.tasks.execution.SkipTaskWithNoActionsExecuter.execute(SkipTaskWithNoActionsExecuter.java:57)
	at org.gradle.api.internal.tasks.execution.SkipOnlyIfTaskExecuter.execute(SkipOnlyIfTaskExecuter.java:74)
	at org.gradle.api.internal.tasks.execution.CatchExceptionTaskExecuter.execute(CatchExceptionTaskExecuter.java:36)
	at org.gradle.api.internal.tasks.execution.EventFiringTaskExecuter$1.executeTask(EventFiringTaskExecuter.java:77)
	at org.gradle.api.internal.tasks.execution.EventFiringTaskExecuter$1.call(EventFiringTaskExecuter.java:55)
	at org.gradle.api.internal.tasks.execution.EventFiringTaskExecuter$1.call(EventFiringTaskExecuter.java:52)
	at org.gradle.internal.operations.DefaultBuildOperationRunner$CallableBuildOperationWorker.execute(DefaultBuildOperationRunner.java:209)
	at org.gradle.internal.operations.DefaultBuildOperationRunner$CallableBuildOperationWorker.execute(DefaultBuildOperationRunner.java:204)
	at org.gradle.internal.operations.DefaultBuildOperationRunner$2.execute(DefaultBuildOperationRunner.java:66)
	at org.gradle.internal.operations.DefaultBuildOperationRunner$2.execute(DefaultBuildOperationRunner.java:59)
	at org.gradle.internal.operations.DefaultBuildOperationRunner.execute(DefaultBuildOperationRunner.java:166)
	at org.gradle.internal.operations.DefaultBuildOperationRunner.execute(DefaultBuildOperationRunner.java:59)
	at org.gradle.internal.operations.DefaultBuildOperationRunner.call(DefaultBuildOperationRunner.java:53)
	at org.gradle.api.internal.tasks.execution.EventFiringTaskExecuter.execute(EventFiringTaskExecuter.java:52)
	at org.gradle.execution.plan.LocalTaskNodeExecutor.execute(LocalTaskNodeExecutor.java:42)
	at org.gradle.execution.taskgraph.DefaultTaskExecutionGraph$InvokeNodeExecutorsAction.execute(DefaultTaskExecutionGraph.java:331)
	at org.gradle.execution.taskgraph.DefaultTaskExecutionGraph$InvokeNodeExecutorsAction.execute(DefaultTaskExecutionGraph.java:318)
	at org.gradle.execution.taskgraph.DefaultTaskExecutionGraph$BuildOperationAwareExecutionAction.lambda$execute$0(DefaultTaskExecutionGraph.java:314)
	at org.gradle.internal.operations.CurrentBuildOperationRef.with(CurrentBuildOperationRef.java:85)
	at org.gradle.execution.taskgraph.DefaultTaskExecutionGraph$BuildOperationAwareExecutionAction.execute(DefaultTaskExecutionGraph.java:314)
	at org.gradle.execution.taskgraph.DefaultTaskExecutionGraph$BuildOperationAwareExecutionAction.execute(DefaultTaskExecutionGraph.java:303)
	at org.gradle.execution.plan.DefaultPlanExecutor$ExecutorWorker.execute(DefaultPlanExecutor.java:459)
	at org.gradle.execution.plan.DefaultPlanExecutor$ExecutorWorker.run(DefaultPlanExecutor.java:376)
	at org.gradle.internal.concurrent.ExecutorPolicy$CatchAndRecordFailures.onExecute(ExecutorPolicy.java:64)
	at org.gradle.internal.concurrent.AbstractManagedExecutor$1.run(AbstractManagedExecutor.java:48)
	at java.base/java.util.concurrent.ThreadPoolExecutor.runWorker(ThreadPoolExecutor.java:1144)
	at java.base/java.util.concurrent.ThreadPoolExecutor$Worker.run(ThreadPoolExecutor.java:642)
	at java.base/java.lang.Thread.run(Thread.java:1583)

> Task :libsignal-service:compileKotlin UP-TO-DATE
> Task :libsignal-service:compileJava UP-TO-DATE
> Task :libsignal-service:processResources UP-TO-DATE
> Task :libsignal-service:classes UP-TO-DATE
> Task :libsignal-service:jar UP-TO-DATE
> Task :core-util-jvm:processResources NO-SOURCE
> Task :core-util-jvm:classes UP-TO-DATE
> Task :core-util-jvm:jar UP-TO-DATE
> Task :billing:checkKotlinGradlePluginConfigurationErrors SKIPPED
> Task :billing:preBuild UP-TO-DATE
> Task :billing:preDebugBuild UP-TO-DATE
> Task :billing:generateDebugResValues UP-TO-DATE
> Task :billing:generateDebugResources UP-TO-DATE
> Task :billing:packageDebugResources UP-TO-DATE
> Task :billing:parseDebugLocalResources UP-TO-DATE
> Task :billing:generateDebugRFile UP-TO-DATE
> Task :core-util:checkKotlinGradlePluginConfigurationErrors SKIPPED
> Task :core-util:generateDebugProtos UP-TO-DATE
> Task :core-util:preBuild UP-TO-DATE
> Task :core-util:preDebugBuild UP-TO-DATE
> Task :core-util:generateDebugResValues UP-TO-DATE
> Task :core-util:generateDebugResources UP-TO-DATE
> Task :core-util:packageDebugResources UP-TO-DATE
> Task :core-util:parseDebugLocalResources UP-TO-DATE
> Task :core-util:generateDebugRFile UP-TO-DATE
> Task :core-util:compileDebugKotlin UP-TO-DATE
> Task :core-util:javaPreCompileDebug UP-TO-DATE
> Task :core-util:compileDebugJavaWithJavac UP-TO-DATE
> Task :core-util:bundleLibCompileToJarDebug UP-TO-DATE
> Task :billing:compileDebugKotlin UP-TO-DATE
> Task :billing:javaPreCompileDebug UP-TO-DATE
> Task :billing:compileDebugJavaWithJavac NO-SOURCE
> Task :billing:bundleLibCompileToJarDebug UP-TO-DATE
> Task :contacts:checkKotlinGradlePluginConfigurationErrors SKIPPED
> Task :contacts:preBuild UP-TO-DATE
> Task :contacts:preDebugBuild UP-TO-DATE
> Task :contacts:generateDebugResValues UP-TO-DATE
> Task :contacts:generateDebugResources UP-TO-DATE
> Task :contacts:packageDebugResources UP-TO-DATE
> Task :contacts:parseDebugLocalResources UP-TO-DATE
> Task :contacts:generateDebugRFile UP-TO-DATE
> Task :contacts:compileDebugKotlin UP-TO-DATE
> Task :contacts:javaPreCompileDebug UP-TO-DATE
> Task :contacts:compileDebugJavaWithJavac NO-SOURCE
> Task :contacts:bundleLibCompileToJarDebug UP-TO-DATE
> Task :core-ui:checkKotlinGradlePluginConfigurationErrors SKIPPED
> Task :core-ui:preBuild UP-TO-DATE
> Task :core-ui:preDebugBuild UP-TO-DATE
> Task :core-ui:generateDebugResValues UP-TO-DATE
> Task :core-ui:generateDebugResources UP-TO-DATE
> Task :core-ui:packageDebugResources UP-TO-DATE
> Task :core-ui:parseDebugLocalResources UP-TO-DATE
> Task :core-ui:generateDebugRFile UP-TO-DATE
> Task :core-ui:compileDebugKotlin UP-TO-DATE
> Task :core-ui:javaPreCompileDebug UP-TO-DATE
> Task :core-ui:compileDebugJavaWithJavac NO-SOURCE
> Task :core-ui:bundleLibCompileToJarDebug UP-TO-DATE
> Task :debuglogs-viewer:checkKotlinGradlePluginConfigurationErrors SKIPPED
> Task :debuglogs-viewer:preBuild UP-TO-DATE
> Task :debuglogs-viewer:preDebugBuild UP-TO-DATE
> Task :debuglogs-viewer:generateDebugBuildConfig UP-TO-DATE
> Task :debuglogs-viewer:generateDebugResValues UP-TO-DATE
> Task :debuglogs-viewer:generateDebugResources UP-TO-DATE
> Task :debuglogs-viewer:packageDebugResources UP-TO-DATE
> Task :debuglogs-viewer:parseDebugLocalResources UP-TO-DATE
> Task :debuglogs-viewer:generateDebugRFile UP-TO-DATE
> Task :debuglogs-viewer:compileDebugKotlin UP-TO-DATE
> Task :debuglogs-viewer:javaPreCompileDebug UP-TO-DATE
> Task :debuglogs-viewer:compileDebugJavaWithJavac UP-TO-DATE
> Task :debuglogs-viewer:bundleLibCompileToJarDebug UP-TO-DATE
> Task :device-transfer:checkKotlinGradlePluginConfigurationErrors SKIPPED
> Task :device-transfer:preBuild UP-TO-DATE
> Task :device-transfer:preDebugBuild UP-TO-DATE
> Task :device-transfer:generateDebugResValues UP-TO-DATE
> Task :device-transfer:generateDebugResources UP-TO-DATE
> Task :device-transfer:packageDebugResources UP-TO-DATE
> Task :device-transfer:parseDebugLocalResources UP-TO-DATE
> Task :device-transfer:generateDebugRFile UP-TO-DATE
> Task :device-transfer:compileDebugKotlin NO-SOURCE
> Task :device-transfer:javaPreCompileDebug UP-TO-DATE
> Task :device-transfer:compileDebugJavaWithJavac UP-TO-DATE
> Task :device-transfer:bundleLibCompileToJarDebug UP-TO-DATE
> Task :donations:checkKotlinGradlePluginConfigurationErrors SKIPPED
> Task :donations:preBuild UP-TO-DATE
> Task :donations:preDebugBuild UP-TO-DATE
> Task :donations:generateDebugBuildConfig UP-TO-DATE
> Task :donations:generateDebugResValues UP-TO-DATE
> Task :donations:generateDebugResources UP-TO-DATE
> Task :donations:packageDebugResources UP-TO-DATE
> Task :donations:parseDebugLocalResources UP-TO-DATE
> Task :donations:generateDebugRFile UP-TO-DATE
> Task :donations:compileDebugKotlin UP-TO-DATE
> Task :donations:javaPreCompileDebug UP-TO-DATE
> Task :donations:compileDebugJavaWithJavac UP-TO-DATE
> Task :donations:bundleLibCompileToJarDebug UP-TO-DATE
> Task :glide-config:checkKotlinGradlePluginConfigurationErrors SKIPPED
> Task :glide-config:preBuild UP-TO-DATE
> Task :glide-config:preDebugBuild UP-TO-DATE
> Task :glide-config:generateDebugResValues UP-TO-DATE
> Task :glide-config:generateDebugResources UP-TO-DATE
> Task :glide-config:packageDebugResources UP-TO-DATE
> Task :glide-config:parseDebugLocalResources UP-TO-DATE
> Task :glide-config:generateDebugRFile UP-TO-DATE
> Task :glide-config:kspDebugKotlin UP-TO-DATE
> Task :glide-config:compileDebugKotlin UP-TO-DATE
> Task :glide-config:javaPreCompileDebug UP-TO-DATE
> Task :glide-config:compileDebugJavaWithJavac NO-SOURCE
> Task :glide-config:bundleLibCompileToJarDebug UP-TO-DATE
> Task :image-editor:checkKotlinGradlePluginConfigurationErrors SKIPPED
> Task :image-editor:preBuild UP-TO-DATE
> Task :image-editor:preDebugBuild UP-TO-DATE
> Task :image-editor:generateDebugResValues UP-TO-DATE
> Task :image-editor:generateDebugResources UP-TO-DATE
> Task :image-editor:packageDebugResources UP-TO-DATE
> Task :image-editor:parseDebugLocalResources UP-TO-DATE
> Task :image-editor:generateDebugRFile UP-TO-DATE
> Task :image-editor:compileDebugKotlin UP-TO-DATE
> Task :image-editor:javaPreCompileDebug UP-TO-DATE
> Task :image-editor:compileDebugJavaWithJavac UP-TO-DATE
> Task :image-editor:bundleLibCompileToJarDebug UP-TO-DATE
> Task :paging:checkKotlinGradlePluginConfigurationErrors SKIPPED
> Task :paging:preBuild UP-TO-DATE
> Task :paging:preDebugBuild UP-TO-DATE
> Task :paging:generateDebugResValues UP-TO-DATE
> Task :paging:generateDebugResources UP-TO-DATE
> Task :paging:packageDebugResources UP-TO-DATE
> Task :paging:parseDebugLocalResources UP-TO-DATE
> Task :paging:generateDebugRFile UP-TO-DATE
> Task :paging:compileDebugKotlin NO-SOURCE
> Task :paging:javaPreCompileDebug UP-TO-DATE
> Task :paging:compileDebugJavaWithJavac UP-TO-DATE
> Task :paging:bundleLibCompileToJarDebug UP-TO-DATE
> Task :photoview:checkKotlinGradlePluginConfigurationErrors SKIPPED
> Task :photoview:preBuild UP-TO-DATE
> Task :photoview:preDebugBuild UP-TO-DATE
> Task :photoview:generateDebugResValues UP-TO-DATE
> Task :photoview:generateDebugResources UP-TO-DATE
> Task :photoview:packageDebugResources UP-TO-DATE
> Task :photoview:parseDebugLocalResources UP-TO-DATE
> Task :photoview:generateDebugRFile UP-TO-DATE
> Task :photoview:compileDebugKotlin NO-SOURCE
> Task :photoview:javaPreCompileDebug UP-TO-DATE
> Task :photoview:compileDebugJavaWithJavac UP-TO-DATE
> Task :photoview:bundleLibCompileToJarDebug UP-TO-DATE
> Task :qr:checkKotlinGradlePluginConfigurationErrors SKIPPED
> Task :qr:preBuild UP-TO-DATE
> Task :qr:preDebugBuild UP-TO-DATE
> Task :qr:generateDebugResValues UP-TO-DATE
> Task :qr:generateDebugResources UP-TO-DATE
> Task :qr:packageDebugResources UP-TO-DATE
> Task :qr:parseDebugLocalResources UP-TO-DATE
> Task :qr:generateDebugRFile UP-TO-DATE
> Task :qr:compileDebugKotlin UP-TO-DATE
> Task :qr:javaPreCompileDebug UP-TO-DATE
> Task :qr:compileDebugJavaWithJavac UP-TO-DATE
> Task :qr:bundleLibCompileToJarDebug UP-TO-DATE
> Task :Signal-Android:checkKotlinGradlePluginConfigurationErrors SKIPPED
> Task :Signal-Android:preBuild UP-TO-DATE
> Task :Signal-Android:prePlayProdDebugBuild UP-TO-DATE
> Task :Signal-Android:dataBindingMergeDependencyArtifactsPlayProdDebug UP-TO-DATE
> Task :Signal-Android:generatePlayProdDebugResValues UP-TO-DATE
> Task :Signal-Android:generatePlayProdDebugResources UP-TO-DATE
> Task :sticky-header-grid:preBuild UP-TO-DATE
> Task :sticky-header-grid:preDebugBuild UP-TO-DATE
> Task :sticky-header-grid:generateDebugResValues UP-TO-DATE
> Task :sticky-header-grid:generateDebugResources UP-TO-DATE
> Task :sticky-header-grid:packageDebugResources UP-TO-DATE
> Task :video:preBuild UP-TO-DATE
> Task :video:preDebugBuild UP-TO-DATE
> Task :video:generateDebugResValues UP-TO-DATE
> Task :video:generateDebugResources UP-TO-DATE
> Task :video:packageDebugResources UP-TO-DATE
> Task :Signal-Android:mergePlayProdDebugResources UP-TO-DATE
> Task :Signal-Android:packagePlayProdDebugResources UP-TO-DATE
> Task :Signal-Android:parsePlayProdDebugLocalResources UP-TO-DATE
> Task :sticky-header-grid:parseDebugLocalResources UP-TO-DATE
> Task :sticky-header-grid:generateDebugRFile UP-TO-DATE
> Task :video:parseDebugLocalResources UP-TO-DATE
> Task :video:generateDebugRFile UP-TO-DATE
> Task :Signal-Android:dataBindingGenBaseClassesPlayProdDebug UP-TO-DATE
> Task :Signal-Android:generatePlayProdDebugBuildConfig UP-TO-DATE
> Task :Signal-Android:generatePlayProdDebugProtos UP-TO-DATE
> Task :Signal-Android:generateSafeArgsPlayProdDebug UP-TO-DATE
> Task :billing:compileDebugLibraryResources UP-TO-DATE
> Task :contacts:compileDebugLibraryResources UP-TO-DATE
> Task :core-ui:compileDebugLibraryResources UP-TO-DATE
> Task :core-util:compileDebugLibraryResources UP-TO-DATE
> Task :debuglogs-viewer:compileDebugLibraryResources UP-TO-DATE
> Task :device-transfer:compileDebugLibraryResources UP-TO-DATE
> Task :donations:compileDebugLibraryResources UP-TO-DATE
> Task :glide-config:compileDebugLibraryResources UP-TO-DATE
> Task :image-editor:compileDebugLibraryResources UP-TO-DATE
> Task :paging:compileDebugLibraryResources UP-TO-DATE
> Task :photoview:compileDebugLibraryResources UP-TO-DATE
> Task :qr:compileDebugLibraryResources UP-TO-DATE
> Task :billing:writeDebugAarMetadata UP-TO-DATE
> Task :contacts:writeDebugAarMetadata UP-TO-DATE
> Task :core-ui:writeDebugAarMetadata UP-TO-DATE
> Task :core-util:writeDebugAarMetadata UP-TO-DATE
> Task :debuglogs-viewer:writeDebugAarMetadata UP-TO-DATE
> Task :device-transfer:writeDebugAarMetadata UP-TO-DATE
> Task :donations:writeDebugAarMetadata UP-TO-DATE
> Task :glide-config:writeDebugAarMetadata UP-TO-DATE
> Task :image-editor:writeDebugAarMetadata UP-TO-DATE
> Task :paging:writeDebugAarMetadata UP-TO-DATE
> Task :photoview:writeDebugAarMetadata UP-TO-DATE
> Task :qr:writeDebugAarMetadata UP-TO-DATE
> Task :sticky-header-grid:writeDebugAarMetadata UP-TO-DATE
> Task :video:writeDebugAarMetadata UP-TO-DATE
> Task :Signal-Android:checkPlayProdDebugAarMetadata UP-TO-DATE
> Task :Signal-Android:mapPlayProdDebugSourceSetPaths UP-TO-DATE
> Task :Signal-Android:createPlayProdDebugCompatibleScreenManifests UP-TO-DATE
> Task :billing:extractDeepLinksDebug UP-TO-DATE
> Task :billing:processDebugManifest UP-TO-DATE
> Task :contacts:extractDeepLinksDebug UP-TO-DATE
> Task :contacts:processDebugManifest UP-TO-DATE
> Task :core-ui:extractDeepLinksDebug UP-TO-DATE
> Task :core-ui:processDebugManifest UP-TO-DATE
> Task :core-util:extractDeepLinksDebug UP-TO-DATE
> Task :core-util:processDebugManifest UP-TO-DATE
> Task :debuglogs-viewer:extractDeepLinksDebug UP-TO-DATE
> Task :debuglogs-viewer:processDebugManifest UP-TO-DATE
> Task :device-transfer:extractDeepLinksDebug UP-TO-DATE
> Task :device-transfer:processDebugManifest UP-TO-DATE
> Task :donations:extractDeepLinksDebug UP-TO-DATE
> Task :donations:processDebugManifest UP-TO-DATE
> Task :glide-config:extractDeepLinksDebug UP-TO-DATE
> Task :glide-config:processDebugManifest UP-TO-DATE
> Task :image-editor:extractDeepLinksDebug UP-TO-DATE
> Task :image-editor:processDebugManifest UP-TO-DATE
> Task :paging:extractDeepLinksDebug UP-TO-DATE
> Task :paging:processDebugManifest UP-TO-DATE
> Task :photoview:extractDeepLinksDebug UP-TO-DATE
> Task :photoview:processDebugManifest UP-TO-DATE
> Task :qr:extractDeepLinksDebug UP-TO-DATE
> Task :qr:processDebugManifest UP-TO-DATE
> Task :Signal-Android:extractDeepLinksPlayProdDebug UP-TO-DATE
> Task :sticky-header-grid:extractDeepLinksDebug UP-TO-DATE
> Task :sticky-header-grid:processDebugManifest UP-TO-DATE
> Task :video:extractDeepLinksDebug UP-TO-DATE
> Task :video:processDebugManifest UP-TO-DATE
> Task :Signal-Android:processPlayProdDebugMainManifest UP-TO-DATE
> Task :Signal-Android:processPlayProdDebugManifest UP-TO-DATE
> Task :Signal-Android:processPlayProdDebugManifestForPackage UP-TO-DATE
> Task :sticky-header-grid:compileDebugLibraryResources UP-TO-DATE
> Task :video:compileDebugLibraryResources UP-TO-DATE
> Task :Signal-Android:processPlayProdDebugResources UP-TO-DATE
> Task :sticky-header-grid:checkKotlinGradlePluginConfigurationErrors SKIPPED
> Task :sticky-header-grid:compileDebugKotlin NO-SOURCE
> Task :sticky-header-grid:javaPreCompileDebug UP-TO-DATE
> Task :sticky-header-grid:compileDebugJavaWithJavac UP-TO-DATE
> Task :sticky-header-grid:bundleLibCompileToJarDebug UP-TO-DATE
> Task :video:checkKotlinGradlePluginConfigurationErrors SKIPPED
> Task :video:compileDebugKotlin UP-TO-DATE
> Task :video:javaPreCompileDebug UP-TO-DATE
> Task :video:compileDebugJavaWithJavac UP-TO-DATE
> Task :video:bundleLibCompileToJarDebug UP-TO-DATE
> Task :Signal-Android:compilePlayProdDebugKotlin
[Incubating] Problems report is available at: file:///home/lollerfirst/Signal-Android/build/reports/problems/problems-report.html

BUILD SUCCESSFUL in 6s
220 actionable tasks: 1 executed, 219 up-to-date
Starting a Gradle Daemon (subsequent builds will be faster)

> Configure project :build-logic:plugins
WARNING: Unsupported Kotlin plugin version.
The `embedded-kotlin` and `kotlin-dsl` plugins rely on features of Kotlin `2.0.20` that might work differently than in the requested version `2.2.20`.

> Configure project :benchmark
WARNING: The option setting 'android.experimental.androidTest.numManagedDeviceShards=4' is experimental.

> Task :build-logic:plugins:checkKotlinGradlePluginConfigurationErrors SKIPPED
> Task :build-logic:tools:checkKotlinGradlePluginConfigurationErrors SKIPPED
> Task :build-logic:tools:compileKotlin UP-TO-DATE
> Task :build-logic:tools:compileJava NO-SOURCE
> Task :build-logic:tools:processResources NO-SOURCE
> Task :build-logic:tools:classes UP-TO-DATE
> Task :build-logic:tools:jar UP-TO-DATE
> Task :build-logic:plugins:generateExternalPluginSpecBuilders UP-TO-DATE
> Task :build-logic:plugins:extractPluginRequests UP-TO-DATE
> Task :build-logic:plugins:generatePluginAdapters UP-TO-DATE
> Task :build-logic:plugins:extractPrecompiledScriptPluginPlugins UP-TO-DATE
> Task :build-logic:plugins:compilePluginsBlocks UP-TO-DATE
> Task :build-logic:plugins:generatePrecompiledScriptPluginAccessors UP-TO-DATE
> Task :build-logic:plugins:generateScriptPluginAdapters UP-TO-DATE
> Task :build-logic:plugins:compileKotlin UP-TO-DATE
> Task :build-logic:plugins:compileJava UP-TO-DATE
> Task :build-logic:plugins:compileGroovy NO-SOURCE
> Task :build-logic:plugins:compileGroovyPlugins UP-TO-DATE
> Task :build-logic:plugins:pluginDescriptors UP-TO-DATE
> Task :build-logic:plugins:processResources UP-TO-DATE
> Task :build-logic:plugins:classes UP-TO-DATE
> Task :build-logic:plugins:jar UP-TO-DATE

> Configure project :microbenchmark
WARNING: BuildType 'debug' is both debuggable and has 'isMinifyEnabled' set to true.
All code optimizations and obfuscation are disabled for debuggable builds.
[Incubating] Problems report is available at: file:///home/lollerfirst/Signal-Android/build/reports/problems/problems-report.html
15 actionable tasks: 15 up-to-date
